Export time: 2016/01/13 22:30:40 CST
Export duration: 6.292s

Export settings:
	Export Geometry: Models with Shape Fallback
	Output Path: /Users/Danny/CityEngine/US_City/models
	Simplify Terrain Meshes: true
	Terrain Layers: Export all selected terrain layers
	applicationName: CityEngine
	applicationString: CityEngine 2015.2.2106 0928R
	applicationVendor: Esri R&D Center Zurich Inc.
	applicationVersion: 2015.2.2106 09282218
	atlasAddWrapBorder: true
	author: Danny
	baseName: my_city2
	collectTextures: true
	createTextureAtlases: false
	encoderID: com.esri.prt.codecs.OBJEncoder
	encoderName: Wavefront OBJ
	errorFallback: true
	existingFiles: OVERWRITE
	facesWithHoles: TRIANGULATE_FACES_WITH_HOLES
	fileGranularity: MEMORY_BUDGET
	globalOffset: [ 0.0, 0.0, 0.0 ]
	includeMaterials: true
	localOffset: NONE
	maxAtlasDim: 11
	memoryBudget: 500
	mergeNormals: true
	mergeTexcoords: true
	mergeVertices: true
	meshGranularity: PER_MATERIAL
	normalPrecision: 0.001
	sceneFile: /US_City/scenes/my_city2.cej
	script: 
	shapeNameDelimiter: _
	texcoordPrecision: 1.0E-4
	textureCoordinates: FIRST
	triangulateMeshes: false
	vertexNormals: PASS
	vertexPrecision: 0.001
	writeLog: true

Initial shapes:
	0 :   OK                'Shape'             OID 'cbc5afc8-ba6e-15da-8b9f-00667f09c9c0:0'



Files created:
	'my_city2_0.obj':
		Initial shapes:
			0, 
		GEOMETRY:
			Total Meshes: 4
			Total Polygons: 34
			  | Name                      | Material             | Polygons 
			==+===========================+======================+==========
			1  'mesh_CityEngineMaterial'   'CityEngineMaterial_2'        20 
			2  'mesh_CityEngineMaterial_1' 'CityEngineMaterial_1'         2 
			3  'mesh_CityEngineMaterial_2' 'CityEngineMaterial'           4 
			4  'mesh_CityEngineMaterial_3' 'CityEngineMaterial_3'         8 
	'my_city2.mtl':
		MATERIAL:
			Total Materials: 4
			  | Name                 | Texture_0                        
			==+======================+==================================
			1  'CityEngineMaterial_2' 'lanes_4_stripes_white_14x14m.jpg'
			2  'CityEngineMaterial_3' 'lanes_4_stop_strip_14x14m.jpg'   
			3  'CityEngineMaterial_1' 'crosswalk_continental_white.jpg' 
			4  'CityEngineMaterial'   'asphalt_14x14m.jpg'              